<?xml version="1.0" encoding="UTF-8"?>
<!-- Generated by org.testng.reporters.JUnitXMLReporter -->
<testsuite ignored="1" hostname="GLOCAL-HO-108" failures="0" tests="1" name="Default test" time="56.982" errors="0" timestamp="2023-11-06T13:43:21 IST">
  <testcase classname="com.hrms.test.EmployeeRegressionSuite" name="verifyLeaveFunctionality" time="47.573"/>
  <testcase classname="com.hrms.test.EmployeeRegressionSuite" name="verifyEmployeeFunctionality" time="0.0">
    <ignored/>
  </testcase> <!-- verifyEmployeeFunctionality -->
</testsuite> <!-- Default test -->
