<?xml version="1.0" encoding="UTF-8"?>
<!-- Generated by org.testng.reporters.JUnitXMLReporter -->
<testsuite ignored="1" hostname="GLOCAL-HO-108" failures="0" tests="4" name="LoginRegressionSuite" time="106.373" errors="0" timestamp="2023-11-04T11:22:20 IST">
  <testcase classname="com.hrms.test.LoginRegressionSuite" name="verifyforgotPasswordlnk" time="0.702"/>
  <testcase classname="com.hrms.test.LoginRegressionSuite" name="verifyforgotPasswordcancelbtnchk" time="2.769"/>
  <testcase classname="com.hrms.test.LoginRegressionSuite" name="verifyforgotPasswordfunctonaty" time="37.328"/>
  <testcase classname="com.hrms.test.LoginRegressionSuite" name="verifyValidLogin" time="47.256"/>
  <testcase classname="com.hrms.test.LoginRegressionSuite" name="verifyInvalidLogin" time="0.0">
    <ignored/>
  </testcase> <!-- verifyInvalidLogin -->
</testsuite> <!-- LoginRegressionSuite -->
