<?xml version="1.0" encoding="UTF-8"?>
<testng-results ignored="0" total="1" passed="1" failed="0" skipped="0">
  <reporter-output>
  </reporter-output>
  <suite started-at="2023-11-06T13:42:24 IST" name="Default suite" finished-at="2023-11-06T13:43:21 IST" duration-ms="56982">
    <groups>
    </groups>
    <test started-at="2023-11-06T13:42:24 IST" name="Default test" finished-at="2023-11-06T13:43:21 IST" duration-ms="56982">
      <class name="com.hrms.test.EmployeeRegressionSuite">
        <test-method is-config="true" signature="appLaunch()[pri:0, instance:com.hrms.test.EmployeeRegressionSuite@489115ef]" started-at="2023-11-06T13:42:24 IST" name="appLaunch" finished-at="2023-11-06T13:42:27 IST" duration-ms="3592" status="PASS">
          <reporter-output>
          </reporter-output>
        </test-method> <!-- appLaunch -->
        <test-method signature="verifyLeaveFunctionality()[pri:1, instance:com.hrms.test.EmployeeRegressionSuite@489115ef]" started-at="2023-11-06T13:42:27 IST" name="verifyLeaveFunctionality" description="TC_0001: Verifying valid login functionality" finished-at="2023-11-06T13:43:15 IST" duration-ms="47573" status="PASS">
          <reporter-output>
          </reporter-output>
        </test-method> <!-- verifyLeaveFunctionality -->
        <test-method is-config="true" signature="closeBrowser()[pri:0, instance:com.hrms.test.EmployeeRegressionSuite@489115ef]" started-at="2023-11-06T13:43:15 IST" name="closeBrowser" finished-at="2023-11-06T13:43:21 IST" duration-ms="5759" status="PASS">
          <reporter-output>
          </reporter-output>
        </test-method> <!-- closeBrowser -->
      </class> <!-- com.hrms.test.EmployeeRegressionSuite -->
    </test> <!-- Default test -->
  </suite> <!-- Default suite -->
</testng-results>
